<?xml version="1.0" encoding="UTF-8"?>
<testsuite xmlns:xsi="http://www.w3.org/2001/XMLSchema-instance" xsi:noNamespaceSchemaLocation="https://maven.apache.org/surefire/maven-surefire-plugin/xsd/surefire-test-report-3.0.xsd" version="3.0" name="parallel.ParallelRun" time="24.492" tests="3" errors="0" skipped="0" failures="1">
  <properties>
    <property name="java.specification.version" value="15"/>
    <property name="webdriver.chrome.driver" value="/Users/harshchoubey/.cache/selenium/chromedriver/mac64/96.0.4664.45/chromedriver"/>
    <property name="sun.jnu.encoding" value="UTF-8"/>
    <property name="sun.awt.enableExtraMouseButtons" value="true"/>
    <property name="java.class.path" value="/Users/harshchoubey/eclipse-workspace/CucumberPOMSeriesTestNgExcelRead/target/test-classes:/Users/harshchoubey/eclipse-workspace/CucumberPOMSeriesTestNgExcelRead/target/classes:/Users/harshchoubey/.m2/repository/io/cucumber/cucumber-java/6.9.0/cucumber-java-6.9.0.jar:/Users/harshchoubey/.m2/repository/io/cucumber/cucumber-core/6.9.0/cucumber-core-6.9.0.jar:/Users/harshchoubey/.m2/repository/io/cucumber/cucumber-gherkin/6.9.0/cucumber-gherkin-6.9.0.jar:/Users/harshchoubey/.m2/repository/io/cucumber/cucumber-gherkin-messages/6.9.0/cucumber-gherkin-messages-6.9.0.jar:/Users/harshchoubey/.m2/repository/io/cucumber/messages/13.2.0/messages-13.2.0.jar:/Users/harshchoubey/.m2/repository/io/cucumber/tag-expressions/3.0.0/tag-expressions-3.0.0.jar:/Users/harshchoubey/.m2/repository/io/cucumber/cucumber-expressions/10.3.0/cucumber-expressions-10.3.0.jar:/Users/harshchoubey/.m2/repository/io/cucumber/datatable/3.5.0/datatable-3.5.0.jar:/Users/harshchoubey/.m2/repository/io/cucumber/cucumber-plugin/6.9.0/cucumber-plugin-6.9.0.jar:/Users/harshchoubey/.m2/repository/io/cucumber/docstring/6.9.0/docstring-6.9.0.jar:/Users/harshchoubey/.m2/repository/io/cucumber/html-formatter/9.0.0/html-formatter-9.0.0.jar:/Users/harshchoubey/.m2/repository/io/cucumber/create-meta/2.0.4/create-meta-2.0.4.jar:/Users/harshchoubey/.m2/repository/org/apiguardian/apiguardian-api/1.1.0/apiguardian-api-1.1.0.jar:/Users/harshchoubey/.m2/repository/com/github/ralfstuckert/pdfbox-layout/pdfbox2-layout/0.8.6/pdfbox2-layout-0.8.6.jar:/Users/harshchoubey/.m2/repository/org/apache/pdfbox/pdfbox/2.0.4/pdfbox-2.0.4.jar:/Users/harshchoubey/.m2/repository/org/apache/pdfbox/fontbox/2.0.4/fontbox-2.0.4.jar:/Users/harshchoubey/.m2/repository/commons-logging/commons-logging/1.2/commons-logging-1.2.jar:/Users/harshchoubey/.m2/repository/io/cucumber/cucumber-junit/6.9.0/cucumber-junit-6.9.0.jar:/Users/harshchoubey/.m2/repository/junit/junit/4.13.1/junit-4.13.1.jar:/Users/harshchoubey/.m2/repository/org/hamcrest/hamcrest-core/1.3/hamcrest-core-1.3.jar:/Users/harshchoubey/.m2/repository/org/seleniumhq/selenium/selenium-java/3.141.59/selenium-java-3.141.59.jar:/Users/harshchoubey/.m2/repository/org/seleniumhq/selenium/selenium-api/3.141.59/selenium-api-3.141.59.jar:/Users/harshchoubey/.m2/repository/org/seleniumhq/selenium/selenium-chrome-driver/3.141.59/selenium-chrome-driver-3.141.59.jar:/Users/harshchoubey/.m2/repository/org/seleniumhq/selenium/selenium-edge-driver/3.141.59/selenium-edge-driver-3.141.59.jar:/Users/harshchoubey/.m2/repository/org/seleniumhq/selenium/selenium-firefox-driver/3.141.59/selenium-firefox-driver-3.141.59.jar:/Users/harshchoubey/.m2/repository/org/seleniumhq/selenium/selenium-ie-driver/3.141.59/selenium-ie-driver-3.141.59.jar:/Users/harshchoubey/.m2/repository/org/seleniumhq/selenium/selenium-opera-driver/3.141.59/selenium-opera-driver-3.141.59.jar:/Users/harshchoubey/.m2/repository/org/seleniumhq/selenium/selenium-remote-driver/3.141.59/selenium-remote-driver-3.141.59.jar:/Users/harshchoubey/.m2/repository/org/seleniumhq/selenium/selenium-safari-driver/3.141.59/selenium-safari-driver-3.141.59.jar:/Users/harshchoubey/.m2/repository/org/seleniumhq/selenium/selenium-support/3.141.59/selenium-support-3.141.59.jar:/Users/harshchoubey/.m2/repository/net/bytebuddy/byte-buddy/1.8.15/byte-buddy-1.8.15.jar:/Users/harshchoubey/.m2/repository/org/apache/commons/commons-exec/1.3/commons-exec-1.3.jar:/Users/harshchoubey/.m2/repository/com/google/guava/guava/25.0-jre/guava-25.0-jre.jar:/Users/harshchoubey/.m2/repository/com/google/code/findbugs/jsr305/1.3.9/jsr305-1.3.9.jar:/Users/harshchoubey/.m2/repository/org/checkerframework/checker-compat-qual/2.0.0/checker-compat-qual-2.0.0.jar:/Users/harshchoubey/.m2/repository/com/google/errorprone/error_prone_annotations/2.1.3/error_prone_annotations-2.1.3.jar:/Users/harshchoubey/.m2/repository/com/google/j2objc/j2objc-annotations/1.1/j2objc-annotations-1.1.jar:/Users/harshchoubey/.m2/repository/org/codehaus/mojo/animal-sniffer-annotations/1.14/animal-sniffer-annotations-1.14.jar:/Users/harshchoubey/.m2/repository/com/squareup/okhttp3/okhttp/3.11.0/okhttp-3.11.0.jar:/Users/harshchoubey/.m2/repository/com/squareup/okio/okio/1.14.0/okio-1.14.0.jar:/Users/harshchoubey/.m2/repository/io/github/bonigarcia/webdrivermanager/4.2.2/webdrivermanager-4.2.2.jar:/Users/harshchoubey/.m2/repository/org/slf4j/slf4j-api/1.7.30/slf4j-api-1.7.30.jar:/Users/harshchoubey/.m2/repository/commons-io/commons-io/2.8.0/commons-io-2.8.0.jar:/Users/harshchoubey/.m2/repository/com/google/code/gson/gson/2.8.6/gson-2.8.6.jar:/Users/harshchoubey/.m2/repository/org/apache/commons/commons-lang3/3.11/commons-lang3-3.11.jar:/Users/harshchoubey/.m2/repository/org/apache/httpcomponents/client5/httpclient5/5.0.1/httpclient5-5.0.1.jar:/Users/harshchoubey/.m2/repository/org/apache/httpcomponents/core5/httpcore5/5.0.1/httpcore5-5.0.1.jar:/Users/harshchoubey/.m2/repository/org/apache/httpcomponents/core5/httpcore5-h2/5.0.1/httpcore5-h2-5.0.1.jar:/Users/harshchoubey/.m2/repository/org/rauschig/jarchivelib/1.1.0/jarchivelib-1.1.0.jar:/Users/harshchoubey/.m2/repository/org/jsoup/jsoup/1.13.1/jsoup-1.13.1.jar:/Users/harshchoubey/.m2/repository/tech/grasshopper/extentreports-cucumber6-adapter/2.8.4/extentreports-cucumber6-adapter-2.8.4.jar:/Users/harshchoubey/.m2/repository/com/aventstack/extentreports/5.0.8/extentreports-5.0.8.jar:/Users/harshchoubey/.m2/repository/io/reactivex/rxjava3/rxjava/3.0.4/rxjava-3.0.4.jar:/Users/harshchoubey/.m2/repository/org/reactivestreams/reactive-streams/1.0.3/reactive-streams-1.0.3.jar:/Users/harshchoubey/.m2/repository/org/freemarker/freemarker/2.3.30/freemarker-2.3.30.jar:/Users/harshchoubey/.m2/repository/com/aventstack/klov-reporter/5.0.8/klov-reporter-5.0.8.jar:/Users/harshchoubey/.m2/repository/org/mongodb/bson/3.6.4/bson-3.6.4.jar:/Users/harshchoubey/.m2/repository/org/apache/httpcomponents/httpclient/4.5.2/httpclient-4.5.2.jar:/Users/harshchoubey/.m2/repository/org/apache/httpcomponents/httpcore/4.4.4/httpcore-4.4.4.jar:/Users/harshchoubey/.m2/repository/org/apache/httpcomponents/httpmime/4.5.2/httpmime-4.5.2.jar:/Users/harshchoubey/.m2/repository/org/mongodb/mongodb-driver/3.3.0/mongodb-driver-3.3.0.jar:/Users/harshchoubey/.m2/repository/org/mongodb/mongodb-driver-core/3.3.0/mongodb-driver-core-3.3.0.jar:/Users/harshchoubey/.m2/repository/tech/grasshopper/extent-pdf-report/1.8.0/extent-pdf-report-1.8.0.jar:/Users/harshchoubey/.m2/repository/tech/grasshopper/cucumber-pdf-report/2.3.0/cucumber-pdf-report-2.3.0.jar:/Users/harshchoubey/.m2/repository/org/knowm/xchart/xchart/3.8.0/xchart-3.8.0.jar:/Users/harshchoubey/.m2/repository/de/erichseifert/vectorgraphics2d/VectorGraphics2D/0.13/VectorGraphics2D-0.13.jar:/Users/harshchoubey/.m2/repository/de/rototor/pdfbox/graphics2d/0.30/graphics2d-0.30.jar:/Users/harshchoubey/.m2/repository/com/madgag/animated-gif-lib/1.4/animated-gif-lib-1.4.jar:/Users/harshchoubey/.m2/repository/org/yaml/snakeyaml/1.28/snakeyaml-1.28.jar:/Users/harshchoubey/.m2/repository/tech/grasshopper/table-layout/1.2.0/table-layout-1.2.0.jar:/Users/harshchoubey/.m2/repository/org/projectlombok/lombok/1.18.18/lombok-1.18.18.jar:/Users/harshchoubey/.m2/repository/org/testng/testng/6.14.3/testng-6.14.3.jar:/Users/harshchoubey/.m2/repository/com/beust/jcommander/1.72/jcommander-1.72.jar:/Users/harshchoubey/.m2/repository/org/apache-extras/beanshell/bsh/2.0b6/bsh-2.0b6.jar:/Users/harshchoubey/.m2/repository/io/cucumber/cucumber-testng/6.9.0/cucumber-testng-6.9.0.jar:/Users/harshchoubey/.m2/repository/org/apache/poi/poi/4.1.2/poi-4.1.2.jar:/Users/harshchoubey/.m2/repository/commons-codec/commons-codec/1.13/commons-codec-1.13.jar:/Users/harshchoubey/.m2/repository/org/apache/commons/commons-collections4/4.4/commons-collections4-4.4.jar:/Users/harshchoubey/.m2/repository/org/apache/commons/commons-math3/3.6.1/commons-math3-3.6.1.jar:/Users/harshchoubey/.m2/repository/com/zaxxer/SparseBitSet/1.2/SparseBitSet-1.2.jar:/Users/harshchoubey/.m2/repository/org/apache/poi/poi-ooxml/4.1.2/poi-ooxml-4.1.2.jar:/Users/harshchoubey/.m2/repository/org/apache/poi/poi-ooxml-schemas/4.1.2/poi-ooxml-schemas-4.1.2.jar:/Users/harshchoubey/.m2/repository/org/apache/xmlbeans/xmlbeans/3.1.0/xmlbeans-3.1.0.jar:/Users/harshchoubey/.m2/repository/org/apache/commons/commons-compress/1.19/commons-compress-1.19.jar:/Users/harshchoubey/.m2/repository/com/github/virtuald/curvesapi/1.06/curvesapi-1.06.jar:"/>
    <property name="java.vm.vendor" value="Oracle Corporation"/>
    <property name="sun.arch.data.model" value="64"/>
    <property name="sun.font.fontmanager" value="sun.font.CFontManager"/>
    <property name="java.vendor.url" value="https://java.oracle.com/"/>
    <property name="user.timezone" value="Asia/Kolkata"/>
    <property name="os.name" value="Mac OS X"/>
    <property name="java.vm.specification.version" value="15"/>
    <property name="sun.java.launcher" value="SUN_STANDARD"/>
    <property name="user.country" value="AU"/>
    <property name="sun.boot.library.path" value="/Library/Java/JavaVirtualMachines/jdk-15.0.1.jdk/Contents/Home/lib"/>
    <property name="sun.java.command" value="/Users/harshchoubey/eclipse-workspace/CucumberPOMSeriesTestNgExcelRead/target/surefire/surefirebooter10414487773002398466.jar /Users/harshchoubey/eclipse-workspace/CucumberPOMSeriesTestNgExcelRead/target/surefire 2021-12-07T09-29-51_414-jvmRun1 surefire1532317381842761508tmp surefire_02454143011926632283tmp"/>
    <property name="http.nonProxyHosts" value="local|*.local|169.254/16|*.169.254/16"/>
    <property name="jdk.debug" value="release"/>
    <property name="surefire.test.class.path" value="/Users/harshchoubey/eclipse-workspace/CucumberPOMSeriesTestNgExcelRead/target/test-classes:/Users/harshchoubey/eclipse-workspace/CucumberPOMSeriesTestNgExcelRead/target/classes:/Users/harshchoubey/.m2/repository/io/cucumber/cucumber-java/6.9.0/cucumber-java-6.9.0.jar:/Users/harshchoubey/.m2/repository/io/cucumber/cucumber-core/6.9.0/cucumber-core-6.9.0.jar:/Users/harshchoubey/.m2/repository/io/cucumber/cucumber-gherkin/6.9.0/cucumber-gherkin-6.9.0.jar:/Users/harshchoubey/.m2/repository/io/cucumber/cucumber-gherkin-messages/6.9.0/cucumber-gherkin-messages-6.9.0.jar:/Users/harshchoubey/.m2/repository/io/cucumber/messages/13.2.0/messages-13.2.0.jar:/Users/harshchoubey/.m2/repository/io/cucumber/tag-expressions/3.0.0/tag-expressions-3.0.0.jar:/Users/harshchoubey/.m2/repository/io/cucumber/cucumber-expressions/10.3.0/cucumber-expressions-10.3.0.jar:/Users/harshchoubey/.m2/repository/io/cucumber/datatable/3.5.0/datatable-3.5.0.jar:/Users/harshchoubey/.m2/repository/io/cucumber/cucumber-plugin/6.9.0/cucumber-plugin-6.9.0.jar:/Users/harshchoubey/.m2/repository/io/cucumber/docstring/6.9.0/docstring-6.9.0.jar:/Users/harshchoubey/.m2/repository/io/cucumber/html-formatter/9.0.0/html-formatter-9.0.0.jar:/Users/harshchoubey/.m2/repository/io/cucumber/create-meta/2.0.4/create-meta-2.0.4.jar:/Users/harshchoubey/.m2/repository/org/apiguardian/apiguardian-api/1.1.0/apiguardian-api-1.1.0.jar:/Users/harshchoubey/.m2/repository/com/github/ralfstuckert/pdfbox-layout/pdfbox2-layout/0.8.6/pdfbox2-layout-0.8.6.jar:/Users/harshchoubey/.m2/repository/org/apache/pdfbox/pdfbox/2.0.4/pdfbox-2.0.4.jar:/Users/harshchoubey/.m2/repository/org/apache/pdfbox/fontbox/2.0.4/fontbox-2.0.4.jar:/Users/harshchoubey/.m2/repository/commons-logging/commons-logging/1.2/commons-logging-1.2.jar:/Users/harshchoubey/.m2/repository/io/cucumber/cucumber-junit/6.9.0/cucumber-junit-6.9.0.jar:/Users/harshchoubey/.m2/repository/junit/junit/4.13.1/junit-4.13.1.jar:/Users/harshchoubey/.m2/repository/org/hamcrest/hamcrest-core/1.3/hamcrest-core-1.3.jar:/Users/harshchoubey/.m2/repository/org/seleniumhq/selenium/selenium-java/3.141.59/selenium-java-3.141.59.jar:/Users/harshchoubey/.m2/repository/org/seleniumhq/selenium/selenium-api/3.141.59/selenium-api-3.141.59.jar:/Users/harshchoubey/.m2/repository/org/seleniumhq/selenium/selenium-chrome-driver/3.141.59/selenium-chrome-driver-3.141.59.jar:/Users/harshchoubey/.m2/repository/org/seleniumhq/selenium/selenium-edge-driver/3.141.59/selenium-edge-driver-3.141.59.jar:/Users/harshchoubey/.m2/repository/org/seleniumhq/selenium/selenium-firefox-driver/3.141.59/selenium-firefox-driver-3.141.59.jar:/Users/harshchoubey/.m2/repository/org/seleniumhq/selenium/selenium-ie-driver/3.141.59/selenium-ie-driver-3.141.59.jar:/Users/harshchoubey/.m2/repository/org/seleniumhq/selenium/selenium-opera-driver/3.141.59/selenium-opera-driver-3.141.59.jar:/Users/harshchoubey/.m2/repository/org/seleniumhq/selenium/selenium-remote-driver/3.141.59/selenium-remote-driver-3.141.59.jar:/Users/harshchoubey/.m2/repository/org/seleniumhq/selenium/selenium-safari-driver/3.141.59/selenium-safari-driver-3.141.59.jar:/Users/harshchoubey/.m2/repository/org/seleniumhq/selenium/selenium-support/3.141.59/selenium-support-3.141.59.jar:/Users/harshchoubey/.m2/repository/net/bytebuddy/byte-buddy/1.8.15/byte-buddy-1.8.15.jar:/Users/harshchoubey/.m2/repository/org/apache/commons/commons-exec/1.3/commons-exec-1.3.jar:/Users/harshchoubey/.m2/repository/com/google/guava/guava/25.0-jre/guava-25.0-jre.jar:/Users/harshchoubey/.m2/repository/com/google/code/findbugs/jsr305/1.3.9/jsr305-1.3.9.jar:/Users/harshchoubey/.m2/repository/org/checkerframework/checker-compat-qual/2.0.0/checker-compat-qual-2.0.0.jar:/Users/harshchoubey/.m2/repository/com/google/errorprone/error_prone_annotations/2.1.3/error_prone_annotations-2.1.3.jar:/Users/harshchoubey/.m2/repository/com/google/j2objc/j2objc-annotations/1.1/j2objc-annotations-1.1.jar:/Users/harshchoubey/.m2/repository/org/codehaus/mojo/animal-sniffer-annotations/1.14/animal-sniffer-annotations-1.14.jar:/Users/harshchoubey/.m2/repository/com/squareup/okhttp3/okhttp/3.11.0/okhttp-3.11.0.jar:/Users/harshchoubey/.m2/repository/com/squareup/okio/okio/1.14.0/okio-1.14.0.jar:/Users/harshchoubey/.m2/repository/io/github/bonigarcia/webdrivermanager/4.2.2/webdrivermanager-4.2.2.jar:/Users/harshchoubey/.m2/repository/org/slf4j/slf4j-api/1.7.30/slf4j-api-1.7.30.jar:/Users/harshchoubey/.m2/repository/commons-io/commons-io/2.8.0/commons-io-2.8.0.jar:/Users/harshchoubey/.m2/repository/com/google/code/gson/gson/2.8.6/gson-2.8.6.jar:/Users/harshchoubey/.m2/repository/org/apache/commons/commons-lang3/3.11/commons-lang3-3.11.jar:/Users/harshchoubey/.m2/repository/org/apache/httpcomponents/client5/httpclient5/5.0.1/httpclient5-5.0.1.jar:/Users/harshchoubey/.m2/repository/org/apache/httpcomponents/core5/httpcore5/5.0.1/httpcore5-5.0.1.jar:/Users/harshchoubey/.m2/repository/org/apache/httpcomponents/core5/httpcore5-h2/5.0.1/httpcore5-h2-5.0.1.jar:/Users/harshchoubey/.m2/repository/org/rauschig/jarchivelib/1.1.0/jarchivelib-1.1.0.jar:/Users/harshchoubey/.m2/repository/org/jsoup/jsoup/1.13.1/jsoup-1.13.1.jar:/Users/harshchoubey/.m2/repository/tech/grasshopper/extentreports-cucumber6-adapter/2.8.4/extentreports-cucumber6-adapter-2.8.4.jar:/Users/harshchoubey/.m2/repository/com/aventstack/extentreports/5.0.8/extentreports-5.0.8.jar:/Users/harshchoubey/.m2/repository/io/reactivex/rxjava3/rxjava/3.0.4/rxjava-3.0.4.jar:/Users/harshchoubey/.m2/repository/org/reactivestreams/reactive-streams/1.0.3/reactive-streams-1.0.3.jar:/Users/harshchoubey/.m2/repository/org/freemarker/freemarker/2.3.30/freemarker-2.3.30.jar:/Users/harshchoubey/.m2/repository/com/aventstack/klov-reporter/5.0.8/klov-reporter-5.0.8.jar:/Users/harshchoubey/.m2/repository/org/mongodb/bson/3.6.4/bson-3.6.4.jar:/Users/harshchoubey/.m2/repository/org/apache/httpcomponents/httpclient/4.5.2/httpclient-4.5.2.jar:/Users/harshchoubey/.m2/repository/org/apache/httpcomponents/httpcore/4.4.4/httpcore-4.4.4.jar:/Users/harshchoubey/.m2/repository/org/apache/httpcomponents/httpmime/4.5.2/httpmime-4.5.2.jar:/Users/harshchoubey/.m2/repository/org/mongodb/mongodb-driver/3.3.0/mongodb-driver-3.3.0.jar:/Users/harshchoubey/.m2/repository/org/mongodb/mongodb-driver-core/3.3.0/mongodb-driver-core-3.3.0.jar:/Users/harshchoubey/.m2/repository/tech/grasshopper/extent-pdf-report/1.8.0/extent-pdf-report-1.8.0.jar:/Users/harshchoubey/.m2/repository/tech/grasshopper/cucumber-pdf-report/2.3.0/cucumber-pdf-report-2.3.0.jar:/Users/harshchoubey/.m2/repository/org/knowm/xchart/xchart/3.8.0/xchart-3.8.0.jar:/Users/harshchoubey/.m2/repository/de/erichseifert/vectorgraphics2d/VectorGraphics2D/0.13/VectorGraphics2D-0.13.jar:/Users/harshchoubey/.m2/repository/de/rototor/pdfbox/graphics2d/0.30/graphics2d-0.30.jar:/Users/harshchoubey/.m2/repository/com/madgag/animated-gif-lib/1.4/animated-gif-lib-1.4.jar:/Users/harshchoubey/.m2/repository/org/yaml/snakeyaml/1.28/snakeyaml-1.28.jar:/Users/harshchoubey/.m2/repository/tech/grasshopper/table-layout/1.2.0/table-layout-1.2.0.jar:/Users/harshchoubey/.m2/repository/org/projectlombok/lombok/1.18.18/lombok-1.18.18.jar:/Users/harshchoubey/.m2/repository/org/testng/testng/6.14.3/testng-6.14.3.jar:/Users/harshchoubey/.m2/repository/com/beust/jcommander/1.72/jcommander-1.72.jar:/Users/harshchoubey/.m2/repository/org/apache-extras/beanshell/bsh/2.0b6/bsh-2.0b6.jar:/Users/harshchoubey/.m2/repository/io/cucumber/cucumber-testng/6.9.0/cucumber-testng-6.9.0.jar:/Users/harshchoubey/.m2/repository/org/apache/poi/poi/4.1.2/poi-4.1.2.jar:/Users/harshchoubey/.m2/repository/commons-codec/commons-codec/1.13/commons-codec-1.13.jar:/Users/harshchoubey/.m2/repository/org/apache/commons/commons-collections4/4.4/commons-collections4-4.4.jar:/Users/harshchoubey/.m2/repository/org/apache/commons/commons-math3/3.6.1/commons-math3-3.6.1.jar:/Users/harshchoubey/.m2/repository/com/zaxxer/SparseBitSet/1.2/SparseBitSet-1.2.jar:/Users/harshchoubey/.m2/repository/org/apache/poi/poi-ooxml/4.1.2/poi-ooxml-4.1.2.jar:/Users/harshchoubey/.m2/repository/org/apache/poi/poi-ooxml-schemas/4.1.2/poi-ooxml-schemas-4.1.2.jar:/Users/harshchoubey/.m2/repository/org/apache/xmlbeans/xmlbeans/3.1.0/xmlbeans-3.1.0.jar:/Users/harshchoubey/.m2/repository/org/apache/commons/commons-compress/1.19/commons-compress-1.19.jar:/Users/harshchoubey/.m2/repository/com/github/virtuald/curvesapi/1.06/curvesapi-1.06.jar:"/>
    <property name="sun.cpu.endian" value="little"/>
    <property name="user.home" value="/Users/harshchoubey"/>
    <property name="user.language" value="en"/>
    <property name="java.specification.vendor" value="Oracle Corporation"/>
    <property name="java.version.date" value="2020-10-20"/>
    <property name="java.home" value="/Library/Java/JavaVirtualMachines/jdk-15.0.1.jdk/Contents/Home"/>
    <property name="file.separator" value="/"/>
    <property name="basedir" value="/Users/harshchoubey/eclipse-workspace/CucumberPOMSeriesTestNgExcelRead"/>
    <property name="java.vm.compressedOopsMode" value="Zero based"/>
    <property name="line.separator" value="&#10;"/>
    <property name="java.vm.specification.vendor" value="Oracle Corporation"/>
    <property name="java.specification.name" value="Java Platform API Specification"/>
    <property name="surefire.real.class.path" value="/Users/harshchoubey/eclipse-workspace/CucumberPOMSeriesTestNgExcelRead/target/surefire/surefirebooter10414487773002398466.jar"/>
    <property name="sun.management.compiler" value="HotSpot 64-Bit Tiered Compilers"/>
    <property name="ftp.nonProxyHosts" value="local|*.local|169.254/16|*.169.254/16"/>
    <property name="java.runtime.version" value="15.0.1+9-18"/>
    <property name="user.name" value="harshchoubey"/>
    <property name="path.separator" value=":"/>
    <property name="os.version" value="10.15.6"/>
    <property name="java.runtime.name" value="Java(TM) SE Runtime Environment"/>
    <property name="file.encoding" value="UTF-8"/>
    <property name="java.vm.name" value="Java HotSpot(TM) 64-Bit Server VM"/>
    <property name="localRepository" value="/Users/harshchoubey/.m2/repository"/>
    <property name="java.vendor.url.bug" value="https://bugreport.java.com/bugreport/"/>
    <property name="java.io.tmpdir" value="/var/folders/nc/3_zs9kz52ds6xvnrdr9j8q340000gn/T/"/>
    <property name="java.version" value="15.0.1"/>
    <property name="user.dir" value="/Users/harshchoubey/eclipse-workspace/CucumberPOMSeriesTestNgExcelRead"/>
    <property name="os.arch" value="x86_64"/>
    <property name="java.vm.specification.name" value="Java Virtual Machine Specification"/>
    <property name="java.library.path" value="/Users/harshchoubey/Library/Java/Extensions:/Library/Java/Extensions:/Network/Library/Java/Extensions:/System/Library/Java/Extensions:/usr/lib/java:."/>
    <property name="java.vm.info" value="mixed mode, sharing"/>
    <property name="java.vendor" value="Oracle Corporation"/>
    <property name="java.vm.version" value="15.0.1+9-18"/>
    <property name="sun.io.unicode.encoding" value="UnicodeBig"/>
    <property name="socksNonProxyHosts" value="local|*.local|169.254/16|*.169.254/16"/>
    <property name="java.class.version" value="59.0"/>
  </properties>
  <testcase name="runScenario[&quot;Contact Us scenario with different set of data&quot;, &quot;Optional[Contact Us Feature]&quot;](1)" classname="parallel.ParallelRun" time="16.768">
    <system-out><![CDATA[
Scenario Outline: Contact Us scenario with different set of data                            # src/test/resources/parallel/ContactUs.feature:12

Scenario Outline: Contact Us scenario with different set of data                            # src/test/resources/parallel/ContactUs.feature:11
browser value is: chrome
browser value is: chrome
  Given user navigates to contact us page                                                   # parallel.ContactUsSteps.user_navigates_to_contact_us_page()
  Given user navigates to contact us page                                                   # parallel.ContactUsSteps.user_navigates_to_contact_us_page()
  When user fills the form from given sheetname "contactus" and rownumber 1                 # parallel.ContactUsSteps.user_fills_the_form_from_given_sheetname_and_rownumber(java.lang.String,java.lang.Integer)
  When user fills the form from given sheetname "contactus" and rownumber 0                 # parallel.ContactUsSteps.user_fills_the_form_from_given_sheetname_and_rownumber(java.lang.String,java.lang.Integer)
  And user clicks on send button                                                            # parallel.ContactUsSteps.user_clicks_on_send_button()
  And user clicks on send button                                                            # parallel.ContactUsSteps.user_clicks_on_send_button()
  Then it shows a successful message "Your message has been successfully sent to our team." # parallel.ContactUsSteps.it_shows_a_successful_message(java.lang.String)
  Then it shows a successful message "Your message has been successfully sent to our team." # parallel.ContactUsSteps.it_shows_a_successful_message(java.lang.String)
]]></system-out>
    <system-err><![CDATA[SLF4J: Failed to load class "org.slf4j.impl.StaticLoggerBinder".
SLF4J: Defaulting to no-operation (NOP) logger implementation
SLF4J: See http://www.slf4j.org/codes.html#StaticLoggerBinder for further details.
SSttaarrttiinngg  CChhrroommeDreivDerri v9e6r. 09.64.606.44.64654 .(4756 e(746e4cc11bbb2abb24a671bb84beba6374414be86b1ebca034f414e76518c40bf21f7c5-8r4ebf2sf/cb-rraenfcsh/-bhreaandcsh/-4h6e64ads/@466{4@#{9#4974}7)} )o no np oprotr t1 9759873
O2n
lOy nllyo claocal lco nncecotionnsn aercet iaolnlso waedr.e
 Pallelaoswee ds.e
eP lhetatspes :s/e/ec hhtrotmpesd:r/i/vcehrr.ocmherdormiivuemr..ocrhgr/osmeciuurm.iotry-gc/osnesciudreirtayt-iconosns iderfoart isouns fgorg essugtgeistoionsn so no nk ekepeiepnign gC ChhromerDormiveeDrr isvaefre .s
afe.
CChhrroommeeDDrriivveerr  wwaass  ssttaarrtteed sdu cscuecscsefsulslyf.u
lly.
Dec 07, 2021 9:29:55 AM org.openqa.selenium.remote.ProtocolHandshake createSession
INFO: Detected dialect: W3C
Dec 07, 2021 9:29:55 AM org.openqa.selenium.remote.ProtocolHandshake createSession
INFO: Detected dialect: W3C
]]></system-err>
  </testcase>
  <testcase name="runScenario[&quot;Contact Us scenario with different set of data&quot;, &quot;Optional[Contact Us Feature]&quot;](2)" classname="parallel.ParallelRun" time="16.769"/>
  <testcase name="tearDownClass" classname="parallel.ParallelRun" time="18.517">
    <failure message="&apos;org.apache.pdfbox.pdmodel.graphics.image.PDImageXObject org.apache.pdfbox.pdmodel.graphics.image.PDImageXObject.createFromByteArray(org.apache.pdfbox.pdmodel.PDDocument, byte[], java.lang.String)&apos;" type="java.lang.NoSuchMethodError"><![CDATA[java.lang.NoSuchMethodError: 'org.apache.pdfbox.pdmodel.graphics.image.PDImageXObject org.apache.pdfbox.pdmodel.graphics.image.PDImageXObject.createFromByteArray(org.apache.pdfbox.pdmodel.PDDocument, byte[], java.lang.String)'
]]></failure>
    <system-err><![CDATA[Dec 07, 2021 9:30:10 AM tech.grasshopper.pdf.PDFCucumberReport collectReportConfiguration
INFO: PDF report configuration YAML file not found. Using default settings.
Cleaning up unclosed ZipFile for archive /Users/harshchoubey/Downloads/automation.xlsx
Cleaning up unclosed ZipFile for archive /Users/harshchoubey/Downloads/automation.xlsx
]]></system-err>
  </testcase>
</testsuite>